MPASM  5.42                         XTMR1.ASM   5-3-2018  17:42:08         PAGE  1


LOC  OBJECT CODE     LINE SOURCE TEXT
  VALUE

                      00001 ;**********************************************************************
                      00002 ;   This file is a basic code template for assembly code generation   *
                      00003 ;   on the PIC16F690. This file contains the basic code               *
                      00004 ;   building blocks to build upon.                                    *  
                      00005 ;                                                                     *
                      00006 ;   Refer to the MPASM User's Guide for additional information on     *
                      00007 ;   features of the assembler (Document DS33014).                     *
                      00008 ;                                                                     *
                      00009 ;   Refer to the respective PIC data sheet for additional             *
                      00010 ;   information on the instruction set.                               *
                      00011 ;                                                                     *
                      00012 ;**********************************************************************
                      00013 ;                                                                     *
                      00014 ;    Filename:      xxx.asm                                           *
                      00015 ;    Date:                                                            *
                      00016 ;    File Version:                                                    *
                      00017 ;                                                                     *
                      00018 ;    Author:                                                          *
                      00019 ;    Company:                                                         *
                      00020 ;                                                                     * 
                      00021 ;                                                                     *
                      00022 ;**********************************************************************
                      00023 ;                                                                     *
                      00024 ;    Files Required: P16F690.INC                                      *
                      00025 ;                                                                     *
                      00026 ;**********************************************************************
                      00027 ;                                                                     *
                      00028 ;    Notes:                                                           *
                      00029 ;                                                                     *
                      00030 ;**********************************************************************
                      00031 
                      00032 
                      00033         list            p=16f690                ; list directive to define processor
                      00034         #include        <P16F690.inc>           ; processor specific variable definitions
                      00001         LIST
                      00002 
                      00003 ;==========================================================================
                      00004 ;  MPASM PIC16F690 processor include
                      00005 ; 
                      00006 ;  (c) Copyright 1999-2011 Microchip Technology, All rights reserved
                      00007 ;==========================================================================
                      00008 
                      00739         LIST
                      00035         
2007   30E4           00036         __CONFIG    _CP_OFF & _CPD_OFF & _BOR_OFF & _PWRTE_ON & _WDT_OFF & _INTRC_OSC_NOCLKOUT & _MCLRE_
                            ON & _FCMEN_OFF & _IESO_OFF
                      00037 
                      00038 
                      00039 ; '__CONFIG' directive is used to embed configuration data within .asm file.
                      00040 ; The labels following the directive are located in the respective .inc file.
                      00041 ; See respective data sheet for additional information on configuration word.
                      00042 
                      00043 
MPASM  5.42                         XTMR1.ASM   5-3-2018  17:42:08         PAGE  2


LOC  OBJECT CODE     LINE SOURCE TEXT
  VALUE

                      00044 
                      00045 
                      00046 
                      00047 
                      00048 ;***** VARIABLE DEFINITIONS
  0000007D            00049 w_temp          EQU     0x7D                    ; variable used for context saving
  0000007E            00050 status_temp     EQU     0x7E                    ; variable used for context saving
  0000007F            00051 pclath_temp     EQU     0x7F                    ; variable used for context saving
                      00052 
  00000025            00053 portc           EQU     0x25
  00000023            00054 count           EQU 0x23
  00000024            00055 setinel         EQU 0x24
  00000026            00056 portb           EQU     0x26
                      00057 ;**********************************************************************
0000                  00058         ORG                     0x000                   ; processor reset vector
0000   2817           00059         goto            main                    ; go to beginning of program
                      00060 
                      00061 
0004                  00062         ORG                     0x004                   ; interrupt vector location
0004   00FD           00063         movwf           w_temp                  ; save off current W register contents
0005   0803           00064         movf            STATUS,w                ; move status register into W register
0006   00FE           00065         movwf           status_temp             ; save off contents of STATUS register
0007   080A           00066         movf            PCLATH,w                ; move pclath register into W register
0008   00FF           00067         movwf           pclath_temp             ; save off contents of PCLATH register
                      00068 
                      00069 
                      00070 ; isr code can go here or be located as a call subroutine elsewhere
                      00071 
Warning[203]: Found opcode in column 1. (nop)
0009   0000           00072 nop
                      00073 
000A   1424           00074         bsf                     setinel,0
000B   100C           00075         bcf                     PIR1,TMR1IF             ;clear inturpt flag
000C   30E7           00076         movlw           0xE7
000D   008F           00077         movwf           TMR1H
000E   3095           00078         movlw           0x95
000F   008E           00079         movwf           TMR1L
                      00080 
                      00081 
0010   087F           00082         movf            pclath_temp,w           ; retrieve copy of PCLATH register
0011   008A           00083         movwf           PCLATH                  ; restore pre-isr PCLATH register contents      
0012   087E           00084         movf            status_temp,w           ; retrieve copy of STATUS register
0013   0083           00085         movwf           STATUS                  ; restore pre-isr STATUS register contents
0014   0EFD           00086         swapf           w_temp,f
0015   0E7D           00087         swapf           w_temp,w                ; restore pre-isr W register contents
0016   0009           00088         retfie                                  ; return from interrupt
                      00089 
                      00090 
0017                  00091 main
                      00092 ;housekeeping
0017   1683 1303      00093         banksel         TRISC
Message[302]: Register in operand not in bank 0.  Ensure that bank bits are correct.
0019   0187           00094         clrf            TRISC
MPASM  5.42                         XTMR1.ASM   5-3-2018  17:42:08         PAGE  3


LOC  OBJECT CODE     LINE SOURCE TEXT
  VALUE

Message[302]: Register in operand not in bank 0.  Ensure that bank bits are correct.
001A   1505           00095         bsf                     TRISA,RA2       ;make RA2 as input
Message[302]: Register in operand not in bank 0.  Ensure that bank bits are correct.
001B   0186           00096         clrf            TRISB
                      00097 
001C   1283 1703      00098         banksel         ANSEL
001E   3004           00099         movlw           0x04
Message[302]: Register in operand not in bank 0.  Ensure that bank bits are correct.
001F   009E           00100         movwf           ANSEL
                      00101 
0020   1283 1303      00102         banksel         ADCON0
0022   3089           00103         movlw           0x89
0023   009F           00104         movwf           ADCON0          ;setup AD for convertion
0024   1683 1303      00105         banksel         ADCON1
0026   3020           00106         movlw           0x20            ;0x60 FOSC/64 - 0x20 FOSC/32
Message[302]: Register in operand not in bank 0.  Ensure that bank bits are correct.
0027   009F           00107         movwf           ADCON1
                      00108 
0028   1283 1303      00109         banksel         INTCON
002A   30C0           00110         movlw           0xC0
002B   008B           00111         movwf           INTCON
002C   1283 1303      00112         banksel         PIR1
002E   018C           00113         clrf            PIR1
002F   1283 1303      00114         banksel         T1CON
0031   3031           00115         movlw           0x31
0032   0090           00116         movwf           T1CON
0033   1683 1303      00117         banksel         PIE1
Message[302]: Register in operand not in bank 0.  Ensure that bank bits are correct.
0035   140C           00118         bsf                     PIE1,TMR1IE
                      00119 
                      00120 
0036   1283 1303      00121         banksel         PORTC
                      00122 
0038   30E7           00123         movlw           0xE7
0039   008F           00124         movwf           TMR1H
003A   3095           00125         movlw           0x95
003B   008E           00126         movwf           TMR1L
                      00127 
                      00128         
                      00129 
003C                  00130 again
003C   1C24           00131         btfss           setinel,0
003D   283C           00132         goto            again
                      00133 
003E   149F           00134         bsf                     ADCON0,GO
003F   189F           00135         btfsc           ADCON0,GO
0040   283F           00136         goto            $-1
0041   081E           00137         movf            ADRESH,w
0042   00A6           00138         movwf           portb
0043   0826           00139         movf            portb,w
0044   0E26           00140         swapf           portb,w
0045   0086           00141         movwf           PORTB
0046   1683 1303      00142         banksel         ADRESL
MPASM  5.42                         XTMR1.ASM   5-3-2018  17:42:08         PAGE  4


LOC  OBJECT CODE     LINE SOURCE TEXT
  VALUE

Message[302]: Register in operand not in bank 0.  Ensure that bank bits are correct.
0048   081E           00143         movf            ADRESL,w
0049   1283 1303      00144         banksel         PORTC
004B   00A5           00145         movwf           portc   
                      00146 
004C   0825           00147         movf            portc,w
004D   0087           00148         movwf           PORTC
                      00149                 
004E   1024           00150         bcf                     setinel,0
                      00151 
                      00152 
                      00153 
                      00154 
                      00155 
                      00156 
2100                  00157         ORG     0x2100                          ; data EEPROM location
2100   0001 0002 0003 00158         DE      1,2,3,4                         ; define first four EEPROM locations as 1, 2, 3, and 4
       0004 
                      00159 
                      00160 
                      00161 
                      00162 
                      00163         END                       ; directive 'end of program'
MPASM  5.42                         XTMR1.ASM   5-3-2018  17:42:08         PAGE  5


SYMBOL TABLE
  LABEL                             VALUE 

ABDEN                             00000000
ABDOVF                            00000007
ADCON0                            0000001F
ADCON1                            0000009F
ADCS0                             00000004
ADCS1                             00000005
ADCS2                             00000006
ADDEN                             00000003
ADFM                              00000007
ADIE                              00000006
ADIF                              00000006
ADON                              00000000
ADRESH                            0000001E
ADRESL                            0000009E
ANS0                              00000000
ANS1                              00000001
ANS10                             00000002
ANS11                             00000003
ANS2                              00000002
ANS3                              00000003
ANS4                              00000004
ANS5                              00000005
ANS6                              00000006
ANS7                              00000007
ANS8                              00000000
ANS9                              00000001
ANSEL                             0000011E
ANSELH                            0000011F
BAUDCTL                           0000009B
BF                                00000000
BRG0                              00000000
BRG1                              00000001
BRG10                             00000002
BRG11                             00000003
BRG12                             00000004
BRG13                             00000005
BRG14                             00000006
BRG15                             00000007
BRG16                             00000003
BRG2                              00000002
BRG3                              00000003
BRG4                              00000004
BRG5                              00000005
BRG6                              00000006
BRG7                              00000007
BRG8                              00000000
BRG9                              00000001
BRGH                              00000002
C                                 00000000
C1CH0                             00000000
C1CH1                             00000001
C1IE                              00000005
C1IF                              00000005
MPASM  5.42                         XTMR1.ASM   5-3-2018  17:42:08         PAGE  6


SYMBOL TABLE
  LABEL                             VALUE 

C1OE                              00000005
C1ON                              00000007
C1OUT                             00000006
C1POL                             00000004
C1R                               00000002
C1SEN                             00000005
C1VREN                            00000007
C2CH0                             00000000
C2CH1                             00000001
C2IE                              00000006
C2IF                              00000006
C2OE                              00000005
C2ON                              00000007
C2OUT                             00000006
C2POL                             00000004
C2R                               00000002
C2REN                             00000004
C2SYNC                            00000000
C2VREN                            00000006
CCP1CON                           00000017
CCP1IE                            00000002
CCP1IF                            00000002
CCP1M0                            00000000
CCP1M1                            00000001
CCP1M2                            00000002
CCP1M3                            00000003
CCPR1H                            00000016
CCPR1L                            00000015
CHS0                              00000002
CHS1                              00000003
CHS2                              00000004
CHS3                              00000005
CKE                               00000006
CKP                               00000004
CM1CON0                           00000119
CM2CON0                           0000011A
CM2CON1                           0000011B
CREN                              00000004
CSRC                              00000007
D                                 00000005
DATA_ADDRESS                      00000005
DC                                00000001
DC1B0                             00000004
DC1B1                             00000005
D_A                               00000005
D_NOT_A                           00000005
ECCPAS                            0000001D
ECCPAS0                           00000004
ECCPAS1                           00000005
ECCPAS2                           00000006
ECCPASE                           00000007
EEADR                             0000010D
EEADRH                            0000010F
MPASM  5.42                         XTMR1.ASM   5-3-2018  17:42:08         PAGE  7


SYMBOL TABLE
  LABEL                             VALUE 

EECON1                            0000018C
EECON2                            0000018D
EEDAT                             0000010C
EEDATA                            0000010C
EEDATH                            0000010E
EEIE                              00000004
EEIF                              00000004
EEPGD                             00000007
F                                 00000001
FERR                              00000002
FSR                               00000004
GIE                               00000007
GO                                00000001
GO_DONE                           00000001
GO_NOT_DONE                       00000001
HTS                               00000002
I2C_DATA                          00000005
I2C_READ                          00000002
I2C_START                         00000003
I2C_STOP                          00000004
INDF                              00000000
INTCON                            0000000B
INTE                              00000004
INTEDG                            00000006
INTF                              00000001
IOC                               00000096
IOC0                              00000000
IOC1                              00000001
IOC2                              00000002
IOC3                              00000003
IOC4                              00000004
IOC5                              00000005
IOCA                              00000096
IOCA0                             00000000
IOCA1                             00000001
IOCA2                             00000002
IOCA3                             00000003
IOCA4                             00000004
IOCA5                             00000005
IOCB                              00000116
IOCB4                             00000004
IOCB5                             00000005
IOCB6                             00000006
IOCB7                             00000007
IRCF0                             00000004
IRCF1                             00000005
IRCF2                             00000006
IRP                               00000007
LTS                               00000001
MC1OUT                            00000007
MC2OUT                            00000006
MSK                               00000093
MSK0                              00000000
MPASM  5.42                         XTMR1.ASM   5-3-2018  17:42:08         PAGE  8


SYMBOL TABLE
  LABEL                             VALUE 

MSK1                              00000001
MSK2                              00000002
MSK3                              00000003
MSK4                              00000004
MSK5                              00000005
MSK6                              00000006
MSK7                              00000007
NOT_A                             00000005
NOT_ADDRESS                       00000005
NOT_BOR                           00000000
NOT_DONE                          00000001
NOT_PD                            00000003
NOT_POR                           00000001
NOT_RABPU                         00000007
NOT_T1SYNC                        00000002
NOT_TO                            00000004
NOT_W                             00000002
NOT_WRITE                         00000002
OERR                              00000001
OPTION_REG                        00000081
OSCCON                            0000008F
OSCTUNE                           00000090
OSFIE                             00000007
OSFIF                             00000007
OSTS                              00000003
P                                 00000004
P1M0                              00000006
P1M1                              00000007
PCL                               00000002
PCLATH                            0000000A
PCON                              0000008E
PDC0                              00000000
PDC1                              00000001
PDC2                              00000002
PDC3                              00000003
PDC4                              00000004
PDC5                              00000005
PDC6                              00000006
PEIE                              00000006
PIE1                              0000008C
PIE2                              0000008D
PIR1                              0000000C
PIR2                              0000000D
PORTA                             00000005
PORTB                             00000006
PORTC                             00000007
PR2                               00000092
PRSEN                             00000007
PS0                               00000000
PS1                               00000001
PS2                               00000002
PSA                               00000003
PSSAC0                            00000002
MPASM  5.42                         XTMR1.ASM   5-3-2018  17:42:08         PAGE  9


SYMBOL TABLE
  LABEL                             VALUE 

PSSAC1                            00000003
PSSBD0                            00000000
PSSBD1                            00000001
PSTRCON                           0000019D
PULSR                             00000002
PULSS                             00000003
PWM1CON                           0000001C
R                                 00000002
RA0                               00000000
RA1                               00000001
RA2                               00000002
RA3                               00000003
RA4                               00000004
RA5                               00000005
RABIE                             00000003
RABIF                             00000000
RB4                               00000004
RB5                               00000005
RB6                               00000006
RB7                               00000007
RC0                               00000000
RC1                               00000001
RC2                               00000002
RC3                               00000003
RC4                               00000004
RC5                               00000005
RC6                               00000006
RC7                               00000007
RCIDL                             00000006
RCIE                              00000005
RCIF                              00000005
RCREG                             0000001A
RCSTA                             00000018
RD                                00000000
READ_WRITE                        00000002
RP0                               00000005
RP1                               00000006
RX9                               00000006
RX9D                              00000000
R_NOT_W                           00000002
R_W                               00000002
S                                 00000003
SBOREN                            00000004
SCKP                              00000004
SCS                               00000000
SENB                              00000003
SENDB                             00000003
SMP                               00000007
SPBRG                             00000099
SPBRGH                            0000009A
SPEN                              00000007
SR0                               00000006
SR1                               00000007
MPASM  5.42                         XTMR1.ASM   5-3-2018  17:42:08         PAGE 10


SYMBOL TABLE
  LABEL                             VALUE 

SRCON                             0000019E
SREN                              00000005
SSPADD                            00000093
SSPBUF                            00000013
SSPCON                            00000014
SSPEN                             00000005
SSPIE                             00000003
SSPIF                             00000003
SSPM0                             00000000
SSPM1                             00000001
SSPM2                             00000002
SSPM3                             00000003
SSPMSK                            00000093
SSPOV                             00000006
SSPSTAT                           00000094
STATUS                            00000003
STRA                              00000000
STRB                              00000001
STRC                              00000002
STRD                              00000003
STRSYNC                           00000004
SWDTEN                            00000000
SYNC                              00000004
T0CS                              00000005
T0IE                              00000005
T0IF                              00000002
T0SE                              00000004
T1CKPS0                           00000004
T1CKPS1                           00000005
T1CON                             00000010
T1GINV                            00000007
T1GSS                             00000001
T1IE                              00000000
T1IF                              00000000
T1OSCEN                           00000003
T2CKPS0                           00000000
T2CKPS1                           00000001
T2CON                             00000012
T2IE                              00000001
T2IF                              00000001
TMR0                              00000001
TMR1CS                            00000001
TMR1GE                            00000006
TMR1H                             0000000F
TMR1IE                            00000000
TMR1IF                            00000000
TMR1L                             0000000E
TMR1ON                            00000000
TMR2                              00000011
TMR2IE                            00000001
TMR2IF                            00000001
TMR2ON                            00000002
TOUTPS0                           00000003
MPASM  5.42                         XTMR1.ASM   5-3-2018  17:42:08         PAGE 11


SYMBOL TABLE
  LABEL                             VALUE 

TOUTPS1                           00000004
TOUTPS2                           00000005
TOUTPS3                           00000006
TRISA                             00000085
TRISA0                            00000000
TRISA1                            00000001
TRISA2                            00000002
TRISA3                            00000003
TRISA4                            00000004
TRISA5                            00000005
TRISB                             00000086
TRISB4                            00000004
TRISB5                            00000005
TRISB6                            00000006
TRISB7                            00000007
TRISC                             00000087
TRISC0                            00000000
TRISC1                            00000001
TRISC2                            00000002
TRISC3                            00000003
TRISC4                            00000004
TRISC5                            00000005
TRISC6                            00000006
TRISC7                            00000007
TRMT                              00000001
TUN0                              00000000
TUN1                              00000001
TUN2                              00000002
TUN3                              00000003
TUN4                              00000004
TX9                               00000006
TX9D                              00000000
TXEN                              00000005
TXIE                              00000004
TXIF                              00000004
TXREG                             00000019
TXSTA                             00000098
UA                                00000001
ULPWUE                            00000005
VCFG                              00000006
VP6EN                             00000004
VR0                               00000000
VR1                               00000001
VR2                               00000002
VR3                               00000003
VRCON                             00000118
VRR                               00000005
W                                 00000000
WCOL                              00000007
WDTCON                            00000097
WDTPS0                            00000001
WDTPS1                            00000002
WDTPS2                            00000003
MPASM  5.42                         XTMR1.ASM   5-3-2018  17:42:08         PAGE 12


SYMBOL TABLE
  LABEL                             VALUE 

WDTPS3                            00000004
WPU                               00000095
WPU0                              00000000
WPU1                              00000001
WPU2                              00000002
WPU4                              00000004
WPU5                              00000005
WPUA                              00000095
WPUA0                             00000000
WPUA1                             00000001
WPUA2                             00000002
WPUA4                             00000004
WPUA5                             00000005
WPUB                              00000115
WPUB4                             00000004
WPUB5                             00000005
WPUB6                             00000006
WPUB7                             00000007
WR                                00000001
WREN                              00000002
WRERR                             00000003
WUE                               00000001
Z                                 00000002
_BOD_NSLEEP                       00003EFF
_BOD_OFF                          00003CFF
_BOD_ON                           00003FFF
_BOD_SBODEN                       00003DFF
_BOR_NSLEEP                       00003EFF
_BOR_OFF                          00003CFF
_BOR_ON                           00003FFF
_BOR_SBODEN                       00003DFF
_CONFIG                           00002007
_CPD_OFF                          00003FFF
_CPD_ON                           00003F7F
_CP_OFF                           00003FFF
_CP_ON                            00003FBF
_DEVID1                           00002006
_EC_OSC                           00003FFB
_EXTRC                            00003FFF
_EXTRCIO                          00003FFE
_EXTRC_OSC_CLKOUT                 00003FFF
_EXTRC_OSC_NOCLKOUT               00003FFE
_FCMEN_OFF                        000037FF
_FCMEN_ON                         00003FFF
_HS_OSC                           00003FFA
_IDLOC0                           00002000
_IDLOC1                           00002001
_IDLOC2                           00002002
_IDLOC3                           00002003
_IESO_OFF                         00003BFF
_IESO_ON                          00003FFF
_INTOSC                           00003FFD
_INTOSCIO                         00003FFC
MPASM  5.42                         XTMR1.ASM   5-3-2018  17:42:08         PAGE 13


SYMBOL TABLE
  LABEL                             VALUE 

_INTRC_OSC_CLKOUT                 00003FFD
_INTRC_OSC_NOCLKOUT               00003FFC
_LP_OSC                           00003FF8
_MCLRE_OFF                        00003FDF
_MCLRE_ON                         00003FFF
_PWRTE_OFF                        00003FFF
_PWRTE_ON                         00003FEF
_WDT_OFF                          00003FF7
_WDT_ON                           00003FFF
_XT_OSC                           00003FF9
__16F690                          00000001
again                             0000003C
count                             00000023
main                              00000017
pclath_temp                       0000007F
portb                             00000026
portc                             00000025
setinel                           00000024
status_temp                       0000007E
w_temp                            0000007D


MEMORY USAGE MAP ('X' = Used,  '-' = Unused)

0000 : X---XXXXXXXXXXXX XXXXXXXXXXXXXXXX XXXXXXXXXXXXXXXX XXXXXXXXXXXXXXXX
0040 : XXXXXXXXXXXXXXX- ---------------- ---------------- ----------------
2000 : -------X-------- ---------------- ---------------- ----------------
2100 : XXXX------------ ---------------- ---------------- ----------------

All other memory blocks unused.

Program Memory Words Used:    76
Program Memory Words Free:  4020


Errors   :     0
Warnings :     1 reported,     0 suppressed
Messages :     7 reported,     0 suppressed

